{
"contracts\\mverify.sol":{"l":{"21":5,"26":5,"27":4,"31":4,"32":3,"33":3,"39":3,"40":3,"41":2},"path":"D:\\Sanket\\A.T Pvt.Ltd\\Tasks\\Task-3\\website\\blockchain-testing\\contracts\\mverify.sol","s":{"1":5,"2":4,"3":3,"4":3,"5":3,"6":2},"b":{"1":[4,1],"2":[4,1],"3":[3,1],"4":[2,1]},"f":{"1":5,"2":5,"3":4,"4":3},"fnMap":{"1":{"name":"constructor","line":19,"loc":{"start":{"line":19,"column":4},"end":{"line":22,"column":4}}},"2":{"name":"onlyOwner","line":24,"loc":{"start":{"line":24,"column":4},"end":{"line":28,"column":4}}},"3":{"name":"addData","line":30,"loc":{"start":{"line":30,"column":4},"end":{"line":34,"column":4}}},"4":{"name":"getData","line":37,"loc":{"start":{"line":37,"column":4},"end":{"line":42,"column":4}}}},"statementMap":{"1":{"start":{"line":26,"column":8},"end":{"line":26,"column":60}},"2":{"start":{"line":31,"column":8},"end":{"line":31,"column":71}},"3":{"start":{"line":33,"column":8},"end":{"line":33,"column":52}},"4":{"start":{"line":39,"column":8},"end":{"line":39,"column":39}},"5":{"start":{"line":40,"column":8},"end":{"line":40,"column":63}},"6":{"start":{"line":41,"column":8},"end":{"line":41,"column":62}}},"branchMap":{"1":{"line":26,"type":"if","locations":[{"start":{"line":26,"column":8},"end":{"line":26,"column":8}},{"start":{"line":26,"column":8},"end":{"line":26,"column":8}}]},"2":{"line":30,"type":"if","locations":[{"start":{"line":30,"column":85},"end":{"line":30,"column":85}},{"start":{"line":30,"column":85},"end":{"line":30,"column":85}}]},"3":{"line":31,"type":"if","locations":[{"start":{"line":31,"column":8},"end":{"line":31,"column":8}},{"start":{"line":31,"column":8},"end":{"line":31,"column":8}}]},"4":{"line":40,"type":"if","locations":[{"start":{"line":40,"column":8},"end":{"line":40,"column":8}},{"start":{"line":40,"column":8},"end":{"line":40,"column":8}}]}}}}
